Nothing to compile
[32mScript ran successfully.[0m

== Logs ==
  Lower Tick: 
  -5000
  Upper Tick: 
  5000
  Amount 0: 
  0
  Amount 1: 
  10000000000000000000000
  Lower Tick: 
  -2500
  Upper Tick: 
  7500
  Amount 0: 
  0
  Amount 1: 
  10000000000000000000000
  Lower Tick: 
  0
  Upper Tick: 
  10000
  Amount 0: 
  0
  Amount 1: 
  10000000000000000000000
  Lower Tick: 
  2500
  Upper Tick: 
  12500
  Amount 0: 
  0
  Amount 1: 
  10000000000000000000000
  Lower Tick: 
  5000
  Upper Tick: 
  15000
  Amount 0: 
  0
  Amount 1: 
  10000000000000000000000
  Lower Tick: 
  7500
  Upper Tick: 
  17500
  Amount 0: 
  0
  Amount 1: 
  10000000000000000000000
  Lower Tick: 
  10000
  Upper Tick: 
  20000
  Amount 0: 
  0
  Amount 1: 
  10000000000000000000000
  Lower Tick: 
  12500
  Upper Tick: 
  22500
  Amount 0: 
  0
  Amount 1: 
  10000000000000000000000
  Lower Tick: 
  15000
  Upper Tick: 
  25000
  Amount 0: 
  0
  Amount 1: 
  10000000000000000000000
  Lower Tick: 
  17500
  Upper Tick: 
  27500
  Amount 0: 
  0
  Amount 1: 
  9999999999999999999999
  Lower Tick: 
  20000
  Upper Tick: 
  30000
  Amount 0: 
  11834832836152314024
  Amount 1: 
  10000000000000000000000
  Lower Tick: 
  22500
  Upper Tick: 
  32500
  Amount 0: 
  207666272896767003034
  Amount 1: 
  9999999999999999999999
  Lower Tick: 
  25000
  Upper Tick: 
  35000
  Amount 0: 
  540641788523715220540
  Amount 1: 
  10000000000000000000000
  Lower Tick: 
  27500
  Upper Tick: 
  37500
  Amount 0: 
  1477772704503510917247
  Amount 1: 
  10000000000000000000000
  Lower Tick: 
  30000
  Upper Tick: 
  40000
  Amount 0: 
  10000000000000000000000
  Amount 1: 
  0
  Lower Tick: 
  32500
  Upper Tick: 
  42500
  Amount 0: 
  10000000000000000000000
  Amount 1: 
  0
